0 info it worked if it ends with ok
1 verbose cli [ 'C:\\Program Files\\nodejs\\\\node.exe',
1 verbose cli   'C:\\Program Files\\nodejs\\node_modules\\npm\\bin\\npm-cli.js',
1 verbose cli   'update' ]
2 info using npm@1.2.17
3 info using node@v0.10.3
4 verbose node symlink C:\Program Files\nodejs\\node.exe
5 verbose read json c:\node\RaceManager\package.json
6 verbose read json c:\node\RaceManager\node_modules\ejs\package.json
7 verbose read json c:\node\RaceManager\node_modules\everyauth\package.json
8 verbose read json c:\node\RaceManager\node_modules\express\package.json
9 verbose read json c:\node\RaceManager\node_modules\express-partials\package.json
10 verbose read json c:\node\RaceManager\node_modules\jade\package.json
11 verbose read json c:\node\RaceManager\node_modules\mongoose\package.json
12 verbose read json c:\node\RaceManager\node_modules\ping\package.json
13 verbose read json c:\node\RaceManager\node_modules\socket.io\package.json
14 verbose read json c:\node\RaceManager\node_modules\underscore\package.json
15 verbose read json c:\node\RaceManager\node_modules\ya-csv\package.json
16 info outdated updating undefined
17 error Failed to parse json
17 error Unexpected token }
18 error File: c:\node\RaceManager\package.json
19 error Failed to parse package.json data.
19 error package.json must be actual JSON, not just JavaScript.
19 error
19 error This is not a bug in npm.
19 error Tell the package author to fix their package.json file. JSON.parse
20 error System Windows_NT 6.2.9200
21 error command "C:\\Program Files\\nodejs\\\\node.exe" "C:\\Program Files\\nodejs\\node_modules\\npm\\bin\\npm-cli.js" "update"
22 error cwd c:\node\RaceManager
23 error node -v v0.10.3
24 error npm -v 1.2.17
25 error file c:\node\RaceManager\package.json
26 error code EJSONPARSE
27 verbose exit [ 1, true ]
